#
# A fatal error has been detected by the Java Runtime Environment:
#
#  EXCEPTION_ACCESS_VIOLATION (0xc0000005) at pc=0x00007ffee7d11bc5, pid=7424, tid=15992
#
# JRE version:  (17.0.8+9) (build )
# Java VM: Java HotSpot(TM) 64-Bit Server VM (17.0.8+9-LTS-211, mixed mode, sharing, tiered, unknown gc, windows-amd64)
# Problematic frame:
# C  [jimage.dll+0x1bc5]
#
# No core dump will be written. Minidumps are not enabled by default on client versions of Windows
#
#

---------------  S U M M A R Y ------------

Command Line: 

Host: Intel(R) Core(TM) i3-6006U CPU @ 2.00GHz, 4 cores, 3G,  Windows 10 , 64 bit Build 19041 (10.0.19041.3570)
Time: Thu Nov  9 21:23:14 2023 India Standard Time elapsed time: 0.019838 seconds (0d 0h 0m 0s)

---------------  T H R E A D  ---------------

Current thread is native thread

Stack: [0x0000007268400000,0x0000007268500000],  sp=0x00000072684fd530,  free space=1013k
Native frames: (J=compiled Java code, j=interpreted, Vv=VM code, C=native code)
C  [jimage.dll+0x1bc5]
C  [jimage.dll+0x1d53]
C  [jimage.dll+0x2619]
V  [jvm.dll+0x1f12ca]
V  [jvm.dll+0xaf18e]
V  [jvm.dll+0x7894fc]
V  [jvm.dll+0x3eb05f]
V  [jvm.dll+0x3ecae1]
C  [jli.dll+0x5297]
C  [ucrtbase.dll+0x21bb2]
C  [KERNEL32.DLL+0x17344]
C  [ntdll.dll+0x526b1]


siginfo: EXCEPTION_ACCESS_VIOLATION (0xc0000005), reading address 0x00000000000067a0


Registers:
RAX=0x00000000000019e1, RBX=0x00000072684fd621, RCX=0x00007ffee7d16000, RDX=0x00000000000019e1
RSP=0x00000072684fd530, RBP=0x00000072684fd620, RSI=0x00000000000071f7, RDI=0x00000072684fd620
R8 =0x00007ffee7d14298, R9 =0x000000000000001c, R10=0x00007ffee7e70000, R11=0x00007ffee7d16000
R12=0x0000000000000000, R13=0x00000255255767c0, R14=0x00000072684fe690, R15=0x00007ffee79cc268
RIP=0x00007ffee7d11bc5, EFLAGS=0x0000000000010246

Top of Stack: (sp=0x00000072684fd530)
0x00000072684fd530:   00000000000002d8 00000000000003ff
0x00000072684fd540:   0000025525650a30 00000072684fd6a0
0x00000072684fd550:   000002552557d0c0 00007ffee7d11d53
0x00000072684fd560:   000000000000000b 000002552557d0c0
0x00000072684fd570:   00000072684fd5c1 0000000000000101
0x00000072684fd580:   0000025525560150 0000000000000358
0x00000072684fd590:   0000025525567d44 0000025525560150
0x00000072684fd5a0:   000004b4ffffffff 00000000000003ff
0x00000072684fd5b0:   000002552545179c 0000000300000020
0x00000072684fd5c0:   0000032f239363f6 0000000010000010
0x00000072684fd5d0:   00007ffee79aad70 0000000000000017
0x00000072684fd5e0:   000002552557d0c0 00000072684fe690
0x00000072684fd5f0:   000000000000000b 00007ffee7d12619
0x00000072684fd600:   0000000000000d58 0000000000000d58
0x00000072684fd610:   0000000000000d58 0000025525560000
0x00000072684fd620:   61622e6176616a2f 692f6b646a2f6573 

Instructions: (pc=0x00007ffee7d11bc5)
0x00007ffee7d11ac5:   48 85 c9 74 1d 80 3d 3f 45 00 00 00 74 06 48 8b
0x00007ffee7d11ad5:   53 18 eb 04 48 8b 53 40 e8 96 0e 00 00 48 83 63
0x00007ffee7d11ae5:   48 00 8b 4b 0c 83 f9 ff 74 09 e8 cc 0c 00 00 83
0x00007ffee7d11af5:   4b 0c ff 48 8b 4b 70 48 85 c9 74 0f ba 10 00 00
0x00007ffee7d11b05:   00 e8 ed 0e 00 00 48 83 63 70 00 48 83 c4 20 5b
0x00007ffee7d11b15:   c3 cc cc 40 53 48 83 ec 20 48 8b d9 48 8d 0d f8
0x00007ffee7d11b25:   46 00 00 e8 9b 0c 00 00 83 6b 08 01 75 24 48 8b
0x00007ffee7d11b35:   d3 48 8d 0d db 44 00 00 e8 22 08 00 00 48 8b cb
0x00007ffee7d11b45:   e8 d6 fe ff ff ba 78 00 00 00 48 8b cb e8 a1 0e
0x00007ffee7d11b55:   00 00 48 8d 0d c2 46 00 00 48 83 c4 20 5b e9 68
0x00007ffee7d11b65:   0c 00 00 48 89 5c 24 08 48 89 74 24 10 57 48 83
0x00007ffee7d11b75:   ec 20 41 8b f1 4d 8b c8 48 8b fa 4c 8b d9 4d 85
0x00007ffee7d11b85:   c0 74 78 85 f6 74 74 44 8a 12 48 8d 5a 01 48 8b
0x00007ffee7d11b95:   d3 b8 93 01 00 01 eb 12 69 c0 93 01 00 01 41 0f
0x00007ffee7d11ba5:   b6 ca 44 8a 12 33 c1 48 ff c2 45 84 d2 75 e9 4d
0x00007ffee7d11bb5:   8b 03 0f ba f0 1f 33 d2 49 8b cb f7 f6 48 63 c2
0x00007ffee7d11bc5:   41 8b 14 81 41 ff 50 08 85 c0 7e 24 8a 0f eb 10
0x00007ffee7d11bd5:   69 c0 93 01 00 01 0f b6 c9 33 c1 8a 0b 48 ff c3
0x00007ffee7d11be5:   84 c9 75 ec 0f ba f0 1f 33 d2 f7 f6 8b c2 eb 0e
0x00007ffee7d11bf5:   79 09 83 c9 ff 2b c8 8b c1 eb 03 83 c8 ff 48 8b
0x00007ffee7d11c05:   5c 24 30 48 8b 74 24 38 48 83 c4 20 5f c3 cc 48
0x00007ffee7d11c15:   89 5c 24 08 48 89 74 24 10 57 48 83 ec 20 48 8b
0x00007ffee7d11c25:   f1 48 8d 0d f3 45 00 00 e8 96 0b 00 00 33 ff 39
0x00007ffee7d11c35:   3d de 43 00 00 76 24 48 8b 05 dd 43 00 00 48 8b
0x00007ffee7d11c45:   d6 48 8b 1c f8 48 8b 0b e8 68 1e 00 00 85 c0 74
0x00007ffee7d11c55:   2b ff c7 3b 3d ba 43 00 00 72 dc 33 db 48 8d 0d
0x00007ffee7d11c65:   b7 45 00 00 e8 62 0b 00 00 48 8b 74 24 38 48 8b
0x00007ffee7d11c75:   c3 48 8b 5c 24 30 48 83 c4 20 5f c3 ff 43 08 eb
0x00007ffee7d11c85:   dc cc cc 48 89 5c 24 08 48 89 74 24 10 57 48 83
0x00007ffee7d11c95:   ec 20 48 8b d9 48 8b f2 48 8b 49 10 49 8b f8 8b
0x00007ffee7d11ca5:   53 30 48 8b 01 ff 50 20 4c 8b 43 50 48 8b d6 48
0x00007ffee7d11cb5:   8b 4b 10 44 8b c8 e8 a8 fe ff ff 83 f8 ff 74 38 



---------------  P R O C E S S  ---------------

VM state: not at safepoint (not fully initialized)

VM Mutex/Monitor currently owned by a thread: None

GC Precious Log:
<Not initialized>


Dynamic libraries:
0x00007ff7dca90000 - 0x00007ff7dcaa0000 	C:\Program Files\Java\jdk-17\bin\java.exe
0x00007fff09d50000 - 0x00007fff09f47000 	C:\WINDOWS\SYSTEM32\ntdll.dll
0x00007fff07fb0000 - 0x00007fff0806d000 	C:\WINDOWS\System32\KERNEL32.DLL
0x00007fff07a50000 - 0x00007fff07d46000 	C:\WINDOWS\System32\KERNELBASE.dll
0x00007fff07760000 - 0x00007fff07860000 	C:\WINDOWS\System32\ucrtbase.dll
0x00007ffee7e70000 - 0x00007ffee7e8b000 	C:\Program Files\Java\jdk-17\bin\VCRUNTIME140.dll
0x00007ffee7ec0000 - 0x00007ffee7ed9000 	C:\Program Files\Java\jdk-17\bin\jli.dll
0x00007fff088d0000 - 0x00007fff0897e000 	C:\WINDOWS\System32\ADVAPI32.dll
0x00007fff08680000 - 0x00007fff0871e000 	C:\WINDOWS\System32\msvcrt.dll
0x00007fff089e0000 - 0x00007fff08a7c000 	C:\WINDOWS\System32\sechost.dll
0x00007fff08bc0000 - 0x00007fff08ce6000 	C:\WINDOWS\System32\RPCRT4.dll
0x00007fff08720000 - 0x00007fff088be000 	C:\WINDOWS\System32\USER32.dll
0x00007fff07d80000 - 0x00007fff07da2000 	C:\WINDOWS\System32\win32u.dll
0x00007fff09590000 - 0x00007fff095bc000 	C:\WINDOWS\System32\GDI32.dll
0x00007fff07640000 - 0x00007fff0775a000 	C:\WINDOWS\System32\gdi32full.dll
0x00007fff067b0000 - 0x00007fff06a4a000 	C:\WINDOWS\WinSxS\amd64_microsoft.windows.common-controls_6595b64144ccf1df_6.0.19041.3570_none_60bb2a3971f3e41a\COMCTL32.dll
0x00007fff078b0000 - 0x00007fff0794d000 	C:\WINDOWS\System32\msvcp_win.dll
0x00007fff02200000 - 0x00007fff0220a000 	C:\WINDOWS\SYSTEM32\VERSION.dll
0x00007ffee7eb0000 - 0x00007ffee7ebc000 	C:\Program Files\Java\jdk-17\bin\vcruntime140_1.dll
0x00007ffee7de0000 - 0x00007ffee7e6e000 	C:\Program Files\Java\jdk-17\bin\msvcp140.dll
0x00007ffee70f0000 - 0x00007ffee7cce000 	C:\Program Files\Java\jdk-17\bin\server\jvm.dll
0x00007fff09200000 - 0x00007fff09208000 	C:\WINDOWS\System32\PSAPI.DLL
0x00007ffee7db0000 - 0x00007ffee7db9000 	C:\WINDOWS\SYSTEM32\WSOCK32.dll
0x00007fff09190000 - 0x00007fff091fb000 	C:\WINDOWS\System32\WS2_32.dll
0x00007ffee7d80000 - 0x00007ffee7da7000 	C:\WINDOWS\SYSTEM32\WINMM.dll
0x00007fff044d0000 - 0x00007fff044e2000 	C:\WINDOWS\SYSTEM32\kernel.appcore.dll
0x00007ffee7d10000 - 0x00007ffee7d1a000 	C:\Program Files\Java\jdk-17\bin\jimage.dll
0x00007fff06da0000 - 0x00007fff06f84000 	C:\WINDOWS\SYSTEM32\DBGHELP.DLL
0x00007fff06d60000 - 0x00007fff06d94000 	C:\WINDOWS\SYSTEM32\dbgcore.DLL
0x00007fff07950000 - 0x00007fff079d2000 	C:\WINDOWS\System32\bcryptPrimitives.dll

dbghelp: loaded successfully - version: 4.0.5 - missing functions: none
symbol engine: initialized successfully - sym options: 0x614 - pdb path: .;C:\Program Files\Java\jdk-17\bin;C:\WINDOWS\SYSTEM32;C:\WINDOWS\WinSxS\amd64_microsoft.windows.common-controls_6595b64144ccf1df_6.0.19041.3570_none_60bb2a3971f3e41a;C:\Program Files\Java\jdk-17\bin\server

VM Arguments:
java_command: <unknown>
java_class_path (initial): <not set>
Launcher Type: SUN_STANDARD

[Global flags]
     bool UseLargePagesIndividualAllocation        = false                                  {pd product} {ergonomic}

Logging:
Log output configuration:
 #0: stdout all=warning uptime,level,tags
 #1: stderr all=off uptime,level,tags

Environment Variables:
JAVA_HOME=C:\Program Files\Java\jdk-17
PATH=C:\Maven\apache-maven-3.9.2/bin;C:\Program Files\Java\jdk-17/bin;C:\Program Files\Java\jdk-17/bin;C:\Program Files\Common Files\Oracle\Java\javapath;C:\Program Files (x86)\Common Files\Oracle\Java\javapath;C:\WINDOWS\system32;C:\WINDOWS;C:\WINDOWS\System32\Wbem;C:\WINDOWS\System32\WindowsPowerShell\v1.0\;C:\WINDOWS\System32\OpenSSH\;C:\Program Files\Git\cmd;C:\Maven\apache-maven-3.9.2\bin;C:\Program Files\Java\jdk-17\bin;C:\WINDOWS\system32\config\systemprofile\AppData\Local\Microsoft\WindowsApps
USERNAME=DESKTOP-RFGG51U$
OS=Windows_NT
PROCESSOR_IDENTIFIER=Intel64 Family 6 Model 78 Stepping 3, GenuineIntel



---------------  S Y S T E M  ---------------

OS:
 Windows 10 , 64 bit Build 19041 (10.0.19041.3570)
OS uptime: 8 days 9:30 hours

CPU: total 4 (initial active 0) 

Memory: 4k page, system-wide physical 3970M (196M free)
TotalPageFile size 16258M (AvailPageFile size 3M)
current process WorkingSet (physical memory assigned to process): 7M, peak: 7M
current process commit charge ("private bytes"): 2M, peak: 3M

vm_info: Java HotSpot(TM) 64-Bit Server VM (17.0.8+9-LTS-211) for windows-amd64 JRE (17.0.8+9-LTS-211), built on Jun 14 2023 10:34:31 by "mach5one" with MS VC++ 17.1 (VS2022)

END.
